<?xml version="1.0" encoding="UTF-8"?>
<!-- Generated by org.testng.reporters.JUnitReportReporter -->
<testsuite hostname="NAMITS" failures="0" tests="1" name="com.Google.tests.SearchKeywordTests" time="35.466" errors="0" timestamp="2022-09-10T17:31:19 IST" skipped="0">
  <testcase classname="com.Google.tests.SearchKeywordTests" name="searchKeyword" time="35.466"/>
  <system-out/>
</testsuite> <!-- com.Google.tests.SearchKeywordTests -->
