<?xml version="1.0" encoding="UTF-8"?>
<!-- Generated by org.testng.reporters.JUnitReportReporter -->
<testsuite hostname="NAMITS" failures="0" tests="1" name="com.Google.tests.SearchKeywordTests" time="45.099" errors="0" timestamp="2022-09-10T16:35:05 IST" skipped="0">
  <testcase classname="com.Google.tests.SearchKeywordTests" name="searchKeyword" time="45.099"/>
  <system-out/>
</testsuite> <!-- com.Google.tests.SearchKeywordTests -->
