<?xml version="1.0" encoding="UTF-8"?>
<!-- Generated by org.testng.reporters.JUnitReportReporter -->
<testsuite hostname="NAMITS" failures="0" tests="1" name="com.Google.tests.SearchKeywordTests" time="28.134" errors="0" timestamp="2022-09-10T14:58:56 IST" skipped="0">
  <testcase classname="com.Google.tests.SearchKeywordTests" name="searchKeyword" time="28.134"/>
  <system-out/>
</testsuite> <!-- com.Google.tests.SearchKeywordTests -->
